#
# There is insufficient memory for the Java Runtime Environment to continue.
# Native memory allocation (malloc) failed to allocate 1048576 bytes. Error detail: AllocateHeap
# Possible reasons:
#   The system is out of physical RAM or swap space
#   This process is running with CompressedOops enabled, and the Java Heap may be blocking the growth of the native heap
# Possible solutions:
#   Reduce memory load on the system
#   Increase physical memory or swap space
#   Check if swap backing store is full
#   Decrease Java heap size (-Xmx/-Xms)
#   Decrease number of Java threads
#   Decrease Java thread stack sizes (-Xss)
#   Set larger code cache with -XX:ReservedCodeCacheSize=
#   JVM is running with Unscaled Compressed Oops mode in which the Java heap is
#     placed in the first 4GB address space. The Java Heap base address is the
#     maximum limit for the native heap growth. Please use -XX:HeapBaseMinAddress
#     to set the Java Heap base and to place the Java Heap above 4GB virtual address.
# This output file may be truncated or incomplete.
#
#  Out of Memory Error (allocation.cpp:44), pid=22580, tid=5476
#
# JRE version:  (21.0.11+10) (build )
# Java VM: OpenJDK 64-Bit Server VM (21.0.11+10-LTS, mixed mode, sharing, tiered, compressed oops, compressed class ptrs, parallel gc, windows-amd64)
# No core dump will be written. Minidumps are not enabled by default on client versions of Windows
#

---------------  S U M M A R Y ------------

Command Line: --add-modules=ALL-SYSTEM --add-opens=java.base/java.util=ALL-UNNAMED --add-opens=java.base/java.lang=ALL-UNNAMED --add-opens=java.base/sun.nio.fs=ALL-UNNAMED -Declipse.application=org.eclipse.jdt.ls.core.id1 -Dosgi.bundles.defaultStartLevel=4 -Declipse.product=org.eclipse.jdt.ls.core.product -Djava.import.generatesMetadataFilesAtProjectRoot=false -DDetectVMInstallationsJob.disabled=true -Dfile.encoding=utf8 -XX:+UseParallelGC -XX:GCTimeRatio=4 -XX:AdaptiveSizePolicyWeight=90 -Dsun.zip.disableMemoryMapping=true -Xmx2G -Xms100m -Xlog:disable -javaagent:c:\Users\elija\.vscode\extensions\redhat.java-1.55.0-win32-x64\lombok\lombok-1.18.39-4050.jar -XX:+HeapDumpOnOutOfMemoryError -XX:HeapDumpPath=c:\Users\elija\AppData\Roaming\Code\User\workspaceStorage\1dd72f5c2511e4f6f8ea69f26c6006ba\redhat.java -Daether.dependencyCollector.impl=bf c:\Users\elija\.vscode\extensions\redhat.java-1.55.0-win32-x64\server\plugins\org.eclipse.equinox.launcher_1.7.200.v20260619-2039.jar -configuration c:\Users\elija\AppData\Roaming\Code\User\globalStorage\redhat.java\1.55.0\config_win -data c:\Users\elija\AppData\Roaming\Code\User\workspaceStorage\1dd72f5c2511e4f6f8ea69f26c6006ba\redhat.java\jdt_ws --pipe=\\.\pipe\lsp-99d299181701d5c6695bfd68e8821d9e-sock

Host: 11th Gen Intel(R) Core(TM) i3-1115G4 @ 3.00GHz, 4 cores, 7G,  Windows 11 , 64 bit Build 22621 (10.0.22621.5415)
Time: Mon Jul  6 19:55:11 2026 Eastern Daylight Time elapsed time: 0.049770 seconds (0d 0h 0m 0s)

---------------  T H R E A D  ---------------

Current thread (0x000001ee434fb000):  JavaThread "Unknown thread" [_thread_in_vm, id=5476, stack(0x0000007fedc00000,0x0000007fedd00000) (1024K)]

Stack: [0x0000007fedc00000,0x0000007fedd00000]
Native frames: (J=compiled Java code, j=interpreted, Vv=VM code, C=native code)
V  [jvm.dll+0x6d7e19]
V  [jvm.dll+0x8b5096]
V  [jvm.dll+0x8b764e]
V  [jvm.dll+0x8b7d33]
V  [jvm.dll+0x284596]
V  [jvm.dll+0xc13c7]
V  [jvm.dll+0x70bf90]
V  [jvm.dll+0x70cafc]
V  [jvm.dll+0x6e69b3]
V  [jvm.dll+0x87f6ec]
V  [jvm.dll+0x3c4b2c]
V  [jvm.dll+0x8683db]
V  [jvm.dll+0x457c41]
V  [jvm.dll+0x459831]
C  [jli.dll+0x52dc]
C  [ucrtbase.dll+0x29333]
C  [KERNEL32.DLL+0x1259d]
C  [ntdll.dll+0x5af78]


---------------  P R O C E S S  ---------------

Threads class SMR info:
_java_thread_list=0x000001ee43568090, length=1, elements={
0x000001ee434fb000
}

Java Threads: ( => current thread )
=>0x000001ee434fb000 JavaThread "Unknown thread"             [_thread_in_vm, id=5476, stack(0x0000007fedc00000,0x0000007fedd00000) (1024K)]
Total: 1

Other Threads:
  0x000001ee43568c10 WatcherThread "VM Periodic Task Thread"        [id=4652, stack(0x0000007fede00000,0x0000007fedf00000) (1024K)]
  0x000001ee4351b590 WorkerThread "GC Thread#0"                     [id=21084, stack(0x0000007fedd00000,0x0000007fede00000) (1024K)]
Total: 2

Threads with active compile tasks:
Total: 0

VM state: not at safepoint (normal execution)

VM Mutex/Monitor currently owned by a thread: None

Heap address: 0x0000000080000000, size: 2048 MB, Compressed Oops mode: 32-bit

CDS archive(s) mapped at: [0x000001ee00000000-0x000001ee00ba0000-0x000001ee00ba0000), size 12189696, SharedBaseAddress: 0x000001ee00000000, ArchiveRelocationMode: 1.
Compressed class space mapped at: 0x000001ee01000000-0x000001ee41000000, reserved size: 1073741824
Narrow klass base: 0x000001ee00000000, Narrow klass shift: 0, Narrow klass range: 0x100000000

GC Precious Log:
 CardTable entry size: 512
 CPUs: 4 total, 4 available
 Memory: 8033M
 Large Page Support: Disabled
 NUMA Support: Disabled
 Compressed Oops: Enabled (32-bit)
 Alignments: Space 512K, Generation 512K, Heap 2M
 Heap Min Capacity: 100M
 Heap Initial Capacity: 100M
 Heap Max Capacity: 2G
 Pre-touch: Disabled
 Parallel Workers: 4

Heap:
 PSYoungGen      total 29696K, used 512K [0x00000000d5580000, 0x00000000d7680000, 0x0000000100000000)
  eden space 25600K, 2% used [0x00000000d5580000,0x00000000d5600020,0x00000000d6e80000)
  from space 4096K, 0% used [0x00000000d7280000,0x00000000d7280000,0x00000000d7680000)
  to   space 4096K, 0% used [0x00000000d6e80000,0x00000000d6e80000,0x00000000d7280000)
 ParOldGen       total 68608K, used 0K [0x0000000080000000, 0x0000000084300000, 0x00000000d5580000)
  object space 68608K, 0% used [0x0000000080000000,0x0000000080000000,0x0000000084300000)
 Metaspace       used 0K, committed 0K, reserved 1048576K
  class space    used 0K, committed 0K, reserved 1048576K

Card table byte_map: [0x000001ee42ea0000,0x000001ee432b0000] _byte_map_base: 0x000001ee42aa0000

Marking Bits: (ParMarkBitMap*) 0x00007ff8ac104460
 Begin Bits: [0x000001ee559b0000, 0x000001ee579b0000)
 End Bits:   [0x000001ee579b0000, 0x000001ee599b0000)

Polling page: 0x000001ee41290000

Metaspace:

Usage:
  Non-class:      0 bytes used.
      Class:      0 bytes used.
       Both:      0 bytes used.

Virtual space:
  Non-class space:        0 bytes reserved,       0 bytes (  ?%) committed,  0 nodes.
      Class space:        1.00 GB reserved,       0 bytes (  0%) committed,  1 nodes.
             Both:        1.00 GB reserved,       0 bytes (  0%) committed. 

Chunk freelists:
   Non-Class:  0 bytes
       Class:  16.00 MB
        Both:  16.00 MB

MaxMetaspaceSize: unlimited
CompressedClassSpaceSize: 1.00 GB
Initial GC threshold: 21.00 MB
Current GC threshold: 17179869184.00 GB
CDS: on
 - commit_granule_bytes: 65536.
 - commit_granule_words: 8192.
 - virtual_space_node_default_size: 8388608.
 - enlarge_chunks_in_place: 1.
 - use_allocation_guard: 0.


Internal statistics:

num_allocs_failed_limit: 0.
num_arena_births: 0.
num_arena_deaths: 0.
num_vsnodes_births: 1.
num_vsnodes_deaths: 0.
num_space_committed: 0.
num_space_uncommitted: 0.
num_chunks_returned_to_freelist: 0.
num_chunks_taken_from_freelist: 1.
num_chunk_merges: 0.
num_chunk_splits: 1.
num_chunks_enlarged: 0.
num_inconsistent_stats: 0.

CodeHeap 'non-profiled nmethods': size=120000Kb used=0Kb max_used=0Kb free=120000Kb
 bounds [0x000001ee4e1d0000, 0x000001ee4e440000, 0x000001ee55700000]
CodeHeap 'profiled nmethods': size=120000Kb used=0Kb max_used=0Kb free=120000Kb
 bounds [0x000001ee46700000, 0x000001ee46970000, 0x000001ee4dc30000]
CodeHeap 'non-nmethods': size=5760Kb used=199Kb max_used=348Kb free=5560Kb
 bounds [0x000001ee4dc30000, 0x000001ee4dea0000, 0x000001ee4e1d0000]
CodeCache: size=245760Kb, used=199Kb, max_used=348Kb, free=245560Kb
 total_blobs=70, nmethods=0, adapters=48, full_count=0
Compilation: enabled, stopped_count=0, restarted_count=0

Compilation events (0 events):
No events

GC Heap History (0 events):
No events

Dll operation events (1 events):
Event: 0.013 Loaded shared library c:\Users\elija\.vscode\extensions\redhat.java-1.55.0-win32-x64\jre\21.0.11-win32-x86_64\bin\java.dll

Deoptimization events (0 events):
No events

Classes loaded (0 events):
No events

Classes unloaded (0 events):
No events

Classes redefined (0 events):
No events

Internal exceptions (0 events):
No events

ZGC Phase Switch (0 events):
No events

VM Operations (0 events):
No events

Memory protections (0 events):
No events

Nmethod flushes (0 events):
No events

Events (1 events):
Event: 0.039 Thread 0x000001ee434fb000 Thread added: 0x000001ee434fb000


Dynamic libraries:
0x00007ff6d6d60000 - 0x00007ff6d6d6e000 	c:\Users\elija\.vscode\extensions\redhat.java-1.55.0-win32-x64\jre\21.0.11-win32-x86_64\bin\java.exe
0x00007ff9532b0000 - 0x00007ff9534c8000 	C:\WINDOWS\SYSTEM32\ntdll.dll
0x00007ff951c10000 - 0x00007ff951cd4000 	C:\WINDOWS\System32\KERNEL32.DLL
0x00007ff9509a0000 - 0x00007ff950d73000 	C:\WINDOWS\System32\KERNELBASE.dll
0x00007ff950530000 - 0x00007ff950641000 	C:\WINDOWS\System32\ucrtbase.dll
0x00007ff93d930000 - 0x00007ff93d948000 	c:\Users\elija\.vscode\extensions\redhat.java-1.55.0-win32-x64\jre\21.0.11-win32-x86_64\bin\jli.dll
0x00007ff952b20000 - 0x00007ff952cd2000 	C:\WINDOWS\System32\USER32.dll
0x00007ff950e80000 - 0x00007ff950ea6000 	C:\WINDOWS\System32\win32u.dll
0x00007ff953240000 - 0x00007ff953269000 	C:\WINDOWS\System32\GDI32.dll
0x00007ff950880000 - 0x00007ff95099b000 	C:\WINDOWS\System32\gdi32full.dll
0x00007ff950eb0000 - 0x00007ff950f4a000 	C:\WINDOWS\System32\msvcp_win.dll
0x00007ff9466e0000 - 0x00007ff9466fe000 	c:\Users\elija\.vscode\extensions\redhat.java-1.55.0-win32-x64\jre\21.0.11-win32-x86_64\bin\VCRUNTIME140.dll
0x00007ff939ce0000 - 0x00007ff939f7c000 	C:\WINDOWS\WinSxS\amd64_microsoft.windows.common-controls_6595b64144ccf1df_6.0.22621.6060_none_2712eda17382d24b\COMCTL32.dll
0x00007ff9514b0000 - 0x00007ff951557000 	C:\WINDOWS\System32\msvcrt.dll
0x00007ff9517c0000 - 0x00007ff9517f1000 	C:\WINDOWS\System32\IMM32.DLL
0x00007ff94be20000 - 0x00007ff94be2c000 	c:\Users\elija\.vscode\extensions\redhat.java-1.55.0-win32-x64\jre\21.0.11-win32-x86_64\bin\vcruntime140_1.dll
0x00007ff8dc950000 - 0x00007ff8dc9dd000 	c:\Users\elija\.vscode\extensions\redhat.java-1.55.0-win32-x64\jre\21.0.11-win32-x86_64\bin\msvcp140.dll
0x00007ff8ab440000 - 0x00007ff8ac1e2000 	c:\Users\elija\.vscode\extensions\redhat.java-1.55.0-win32-x64\jre\21.0.11-win32-x86_64\bin\server\jvm.dll
0x00007ff951ce0000 - 0x00007ff951d91000 	C:\WINDOWS\System32\ADVAPI32.dll
0x00007ff951800000 - 0x00007ff9518a8000 	C:\WINDOWS\System32\sechost.dll
0x00007ff950710000 - 0x00007ff950738000 	C:\WINDOWS\System32\bcrypt.dll
0x00007ff951640000 - 0x00007ff951758000 	C:\WINDOWS\System32\RPCRT4.dll
0x00007ff951310000 - 0x00007ff951381000 	C:\WINDOWS\System32\WS2_32.dll
0x00007ff94f1d0000 - 0x00007ff94f21d000 	C:\WINDOWS\SYSTEM32\POWRPROF.dll
0x00007ff947ca0000 - 0x00007ff947cd4000 	C:\WINDOWS\SYSTEM32\WINMM.dll
0x00007ff945ca0000 - 0x00007ff945caa000 	C:\WINDOWS\SYSTEM32\VERSION.dll
0x00007ff94f1b0000 - 0x00007ff94f1c3000 	C:\WINDOWS\SYSTEM32\UMPDC.dll
0x00007ff94f460000 - 0x00007ff94f478000 	C:\WINDOWS\SYSTEM32\kernel.appcore.dll
0x00007ff94b550000 - 0x00007ff94b55a000 	c:\Users\elija\.vscode\extensions\redhat.java-1.55.0-win32-x64\jre\21.0.11-win32-x86_64\bin\jimage.dll
0x00007ff94deb0000 - 0x00007ff94e0e3000 	C:\WINDOWS\SYSTEM32\DBGHELP.DLL
0x00007ff950f50000 - 0x00007ff9512e1000 	C:\WINDOWS\System32\combase.dll
0x00007ff951560000 - 0x00007ff951638000 	C:\WINDOWS\System32\OLEAUT32.dll
0x00007ff934490000 - 0x00007ff9344c2000 	C:\WINDOWS\SYSTEM32\dbgcore.DLL
0x00007ff950d80000 - 0x00007ff950dfb000 	C:\WINDOWS\System32\bcryptPrimitives.dll
0x00007ff946f70000 - 0x00007ff946f7f000 	c:\Users\elija\.vscode\extensions\redhat.java-1.55.0-win32-x64\jre\21.0.11-win32-x86_64\bin\instrument.dll
0x00007ff93d790000 - 0x00007ff93d7b0000 	c:\Users\elija\.vscode\extensions\redhat.java-1.55.0-win32-x64\jre\21.0.11-win32-x86_64\bin\java.dll

JVMTI agents:
c:\Users\elija\.vscode\extensions\redhat.java-1.55.0-win32-x64\lombok\lombok-1.18.39-4050.jar path:none, loaded, not initialized, instrumentlib options:none

dbghelp: loaded successfully - version: 4.0.5 - missing functions: none
symbol engine: initialized successfully - sym options: 0x614 - pdb path: .;c:\Users\elija\.vscode\extensions\redhat.java-1.55.0-win32-x64\jre\21.0.11-win32-x86_64\bin;C:\WINDOWS\SYSTEM32;C:\WINDOWS\WinSxS\amd64_microsoft.windows.common-controls_6595b64144ccf1df_6.0.22621.6060_none_2712eda17382d24b;c:\Users\elija\.vscode\extensions\redhat.java-1.55.0-win32-x64\jre\21.0.11-win32-x86_64\bin\server

VM Arguments:
jvm_args: --add-modules=ALL-SYSTEM --add-opens=java.base/java.util=ALL-UNNAMED --add-opens=java.base/java.lang=ALL-UNNAMED --add-opens=java.base/sun.nio.fs=ALL-UNNAMED -Declipse.application=org.eclipse.jdt.ls.core.id1 -Dosgi.bundles.defaultStartLevel=4 -Declipse.product=org.eclipse.jdt.ls.core.product -Djava.import.generatesMetadataFilesAtProjectRoot=false -DDetectVMInstallationsJob.disabled=true -Dfile.encoding=utf8 -XX:+UseParallelGC -XX:GCTimeRatio=4 -XX:AdaptiveSizePolicyWeight=90 -Dsun.zip.disableMemoryMapping=true -Xmx2G -Xms100m -Xlog:disable -javaagent:c:\Users\elija\.vscode\extensions\redhat.java-1.55.0-win32-x64\lombok\lombok-1.18.39-4050.jar -XX:+HeapDumpOnOutOfMemoryError -XX:HeapDumpPath=c:\Users\elija\AppData\Roaming\Code\User\workspaceStorage\1dd72f5c2511e4f6f8ea69f26c6006ba\redhat.java -Daether.dependencyCollector.impl=bf 
java_command: c:\Users\elija\.vscode\extensions\redhat.java-1.55.0-win32-x64\server\plugins\org.eclipse.equinox.launcher_1.7.200.v20260619-2039.jar -configuration c:\Users\elija\AppData\Roaming\Code\User\globalStorage\redhat.java\1.55.0\config_win -data c:\Users\elija\AppData\Roaming\Code\User\workspaceStorage\1dd72f5c2511e4f6f8ea69f26c6006ba\redhat.java\jdt_ws --pipe=\\.\pipe\lsp-99d299181701d5c6695bfd68e8821d9e-sock
java_class_path (initial): c:\Users\elija\.vscode\extensions\redhat.java-1.55.0-win32-x64\server\plugins\org.eclipse.equinox.launcher_1.7.200.v20260619-2039.jar
Launcher Type: SUN_STANDARD

[Global flags]
    uintx AdaptiveSizePolicyWeight                 = 90                                        {product} {command line}
     intx CICompilerCount                          = 3                                         {product} {ergonomic}
    uintx GCTimeRatio                              = 4                                         {product} {command line}
     bool HeapDumpOnOutOfMemoryError               = true                                   {manageable} {command line}
    ccstr HeapDumpPath                             = c:\Users\elija\AppData\Roaming\Code\User\workspaceStorage\1dd72f5c2511e4f6f8ea69f26c6006ba\redhat.java         {manageable} {command line}
   size_t InitialHeapSize                          = 104857600                                 {product} {command line}
   size_t MaxHeapSize                              = 2147483648                                {product} {command line}
   size_t MaxNewSize                               = 715653120                                 {product} {ergonomic}
   size_t MinHeapDeltaBytes                        = 524288                                    {product} {ergonomic}
   size_t MinHeapSize                              = 104857600                                 {product} {command line}
   size_t NewSize                                  = 34603008                                  {product} {ergonomic}
    uintx NonNMethodCodeHeapSize                   = 5832780                                {pd product} {ergonomic}
    uintx NonProfiledCodeHeapSize                  = 122912730                              {pd product} {ergonomic}
   size_t OldSize                                  = 70254592                                  {product} {ergonomic}
    uintx ProfiledCodeHeapSize                     = 122912730                              {pd product} {ergonomic}
    uintx ReservedCodeCacheSize                    = 251658240                              {pd product} {ergonomic}
     bool SegmentedCodeCache                       = true                                      {product} {ergonomic}
   size_t SoftMaxHeapSize                          = 2147483648                             {manageable} {ergonomic}
     bool UseCompressedOops                        = true                           {product lp64_product} {ergonomic}
     bool UseLargePagesIndividualAllocation        = false                                  {pd product} {ergonomic}
     bool UseParallelGC                            = true                                      {product} {command line}

Logging:
Log output configuration:
 #0: stdout all=off uptime,level,tags foldmultilines=false
 #1: stderr all=off uptime,level,tags foldmultilines=false

Release file:
<release file has not been read>
Environment Variables:
PATH=C:\Program Files\Common Files\Oracle\Java\javapath;C:\ProgramData\Oracle\Java\javapath;C:\WINDOWS\system32;C:\WINDOWS;C:\WINDOWS\System32\Wbem;C:\WINDOWS\System32\WindowsPowerShell\v1.0\;C:\WINDOWS\System32\OpenSSH\;C:\Program Files\dotnet\;C:\Program Files\Wolfram Research\WolframScript\;%USERPROFILE%\AppData\Local\Muse Hub\lib;C:\Program Files\Git\cmd;C:\Users\elija\AppData\Local\Programs\Python\Python313\Scripts\;C:\Users\elija\AppData\Local\Programs\Python\Python313\;C:\Users\elija\AppData\Local\Programs\Python\Launcher\;C:\Users\elija\AppData\Local\Microsoft\WindowsApps;C:\Users\elija\AppData\Local\Programs\Microsoft VS Code\bin;C:\Users\elija\AppData\Local\Muse Hub\lib
USERNAME=elija
OS=Windows_NT
PROCESSOR_IDENTIFIER=Intel64 Family 6 Model 140 Stepping 1, GenuineIntel
TMP=C:\Users\elija\AppData\Local\Temp
TEMP=C:\Users\elija\AppData\Local\Temp




Periodic native trim disabled

---------------  S Y S T E M  ---------------

OS:
 Windows 11 , 64 bit Build 22621 (10.0.22621.5415)
OS uptime: 16 days 2:42 hours
Hyper-V role detected

CPU: total 4 (initial active 4) (2 cores per cpu, 2 threads per core) family 6 model 140 stepping 1 microcode 0xbe, cx8, cmov, fxsr, ht, mmx, 3dnowpref, sse, sse2, sse3, ssse3, sse4.1, sse4.2, popcnt, lzcnt, tsc, tscinvbit, avx, avx2, aes, erms, clmul, bmi1, bmi2, adx, avx512f, avx512dq, avx512cd, avx512bw, avx512vl, sha, fma, vzeroupper, avx512_vpopcntdq, avx512_vpclmulqdq, avx512_vaes, avx512_vnni, clflush, clflushopt, clwb, avx512_vbmi2, avx512_vbmi, hv, rdtscp, rdpid, fsrm, gfni, avx512_bitalg, f16c, cet_ibt, cet_ss, avx512_ifma
Processor Information for the first 4 processors :
  Max Mhz: 2995, Current Mhz: 2995, Mhz Limit: 2995

Memory: 4k page, system-wide physical 8033M (541M free)
TotalPageFile size 22418M (AvailPageFile size 3M)
current process WorkingSet (physical memory assigned to process): 25M, peak: 25M
current process commit charge ("private bytes"): 194M, peak: 194M

vm_info: OpenJDK 64-Bit Server VM (21.0.11+10-LTS) for windows-amd64 JRE (21.0.11+10-LTS), built on 2026-04-21T00:00:00Z by "admin" with MS VC++ 17.12 (VS2022)

END.
